  [1m[35m (2.7ms)[0m  [1m[35mCREATE DATABASE "cat_photo_api_development" ENCODING = 'unicode'[0m
  [1m[35m (0.4ms)[0m  [1m[35mCREATE DATABASE "cat_photo_api_test" ENCODING = 'unicode'[0m
  [1m[35m (27.9ms)[0m  [1m[35mCREATE TABLE "schema_migrations" ("version" character varying NOT NULL PRIMARY KEY)[0m
  [1m[35m (3.5ms)[0m  [1m[35mCREATE TABLE "ar_internal_metadata" ("key" character varying NOT NULL PRIMARY KEY, "value" character varying, "created_at" timestamp(6) NOT NULL, "updated_at" timestamp(6) NOT NULL)[0m
  [1m[35m (1.1ms)[0m  [1m[34mSELECT "schema_migrations"."version" FROM "schema_migrations" ORDER BY "schema_migrations"."version" ASC[0m
  [1m[35m (0.2ms)[0m  [1m[34mSELECT "schema_migrations"."version" FROM "schema_migrations" ORDER BY "schema_migrations"."version" ASC[0m
  [1m[35m (0.7ms)[0m  [1m[34mSELECT pg_try_advisory_lock(6934855989640412400)[0m
  [1m[35m (0.2ms)[0m  [1m[34mSELECT "schema_migrations"."version" FROM "schema_migrations" ORDER BY "schema_migrations"."version" ASC[0m
  [1m[35m (0.1ms)[0m  [1m[34mSELECT pg_advisory_unlock(6934855989640412400)[0m
  [1m[35m (0.6ms)[0m  [1m[34mSELECT "schema_migrations"."version" FROM "schema_migrations" ORDER BY "schema_migrations"."version" ASC[0m
  [1m[35m (0.7ms)[0m  [1m[34mSELECT "schema_migrations"."version" FROM "schema_migrations" ORDER BY "schema_migrations"."version" ASC[0m
  [1m[35m (0.2ms)[0m  [1m[34mSELECT "schema_migrations"."version" FROM "schema_migrations" ORDER BY "schema_migrations"."version" ASC[0m
  [1m[35m (0.3ms)[0m  [1m[34mSELECT pg_try_advisory_lock(6934855989640412400)[0m
  [1m[35m (0.2ms)[0m  [1m[34mSELECT "schema_migrations"."version" FROM "schema_migrations" ORDER BY "schema_migrations"."version" ASC[0m
  [1m[35m (0.2ms)[0m  [1m[34mSELECT pg_advisory_unlock(6934855989640412400)[0m
  [1m[35m (0.7ms)[0m  [1m[34mSELECT "schema_migrations"."version" FROM "schema_migrations" ORDER BY "schema_migrations"."version" ASC[0m
  [1m[35m (0.8ms)[0m  [1m[34mSELECT "schema_migrations"."version" FROM "schema_migrations" ORDER BY "schema_migrations"."version" ASC[0m
  [1m[35m (0.9ms)[0m  [1m[34mSELECT "schema_migrations"."version" FROM "schema_migrations" ORDER BY "schema_migrations"."version" ASC[0m
  [1m[35m (0.2ms)[0m  [1m[34mSELECT pg_try_advisory_lock(6934855989640412400)[0m
  [1m[35m (0.8ms)[0m  [1m[34mSELECT "schema_migrations"."version" FROM "schema_migrations" ORDER BY "schema_migrations"."version" ASC[0m
Migrating to CreateCats (20200509143432)
  [1m[35m (1.9ms)[0m  [1m[35mBEGIN[0m
  [1m[35m (17.9ms)[0m  [1m[35mCREATE TABLE "cats" ("id" bigserial primary key, "name" character varying, "img" character varying, "comments" character varying, "created_at" timestamp(6) NOT NULL, "updated_at" timestamp(6) NOT NULL)[0m
  [1m[36mprimary::SchemaMigration Create (3.9ms)[0m  [1m[32mINSERT INTO "schema_migrations" ("version") VALUES ($1) RETURNING "version"[0m  [["version", "20200509143432"]]
  [1m[35m (0.4ms)[0m  [1m[35mCOMMIT[0m
  [1m[36mActiveRecord::InternalMetadata Load (0.6ms)[0m  [1m[34mSELECT "ar_internal_metadata".* FROM "ar_internal_metadata" WHERE "ar_internal_metadata"."key" = $1 LIMIT $2[0m  [["key", "environment"], ["LIMIT", 1]]
  [1m[35m (0.1ms)[0m  [1m[35mBEGIN[0m
  [1m[36mActiveRecord::InternalMetadata Create (1.5ms)[0m  [1m[32mINSERT INTO "ar_internal_metadata" ("key", "value", "created_at", "updated_at") VALUES ($1, $2, $3, $4) RETURNING "key"[0m  [["key", "environment"], ["value", "development"], ["created_at", "2020-05-09 14:36:58.002778"], ["updated_at", "2020-05-09 14:36:58.002778"]]
  [1m[35m (0.3ms)[0m  [1m[35mCOMMIT[0m
  [1m[35m (0.2ms)[0m  [1m[34mSELECT pg_advisory_unlock(6934855989640412400)[0m
  [1m[35m (1.4ms)[0m  [1m[34mSELECT "schema_migrations"."version" FROM "schema_migrations" ORDER BY "schema_migrations"."version" ASC[0m
  [1m[35m (0.8ms)[0m  [1m[34mSELECT "schema_migrations"."version" FROM "schema_migrations" ORDER BY "schema_migrations"."version" ASC[0m
  [1m[35m (0.1ms)[0m  [1m[35mBEGIN[0m
  [1m[36mCat Create (1.6ms)[0m  [1m[32mINSERT INTO "cats" ("name", "img", "created_at", "updated_at") VALUES ($1, $2, $3, $4) RETURNING "id"[0m  [["name", "Trina Forest"], ["img", "https://cdn2.thecatapi.com/images/us5eEBouq.jpg"], ["created_at", "2020-05-09 14:49:33.606944"], ["updated_at", "2020-05-09 14:49:33.606944"]]
  [1m[35m (0.3ms)[0m  [1m[35mCOMMIT[0m
  [1m[35m (0.1ms)[0m  [1m[35mBEGIN[0m
  [1m[36mCat Create (0.2ms)[0m  [1m[32mINSERT INTO "cats" ("name", "img", "created_at", "updated_at") VALUES ($1, $2, $3, $4) RETURNING "id"[0m  [["name", "Alec Tricity"], ["img", "https://cdn2.thecatapi.com/images/ErmyshZhG.jpg"], ["created_at", "2020-05-09 14:49:33.611531"], ["updated_at", "2020-05-09 14:49:33.611531"]]
  [1m[35m (0.2ms)[0m  [1m[35mCOMMIT[0m
  [1m[35m (0.1ms)[0m  [1m[35mBEGIN[0m
  [1m[36mCat Create (0.2ms)[0m  [1m[32mINSERT INTO "cats" ("name", "img", "created_at", "updated_at") VALUES ($1, $2, $3, $4) RETURNING "id"[0m  [["name", "Abe Rudder"], ["img", "https://cdn2.thecatapi.com/images/227.jpg"], ["created_at", "2020-05-09 14:49:33.614178"], ["updated_at", "2020-05-09 14:49:33.614178"]]
  [1m[35m (0.2ms)[0m  [1m[35mCOMMIT[0m
  [1m[35m (0.1ms)[0m  [1m[35mBEGIN[0m
  [1m[36mCat Create (0.3ms)[0m  [1m[32mINSERT INTO "cats" ("name", "img", "created_at", "updated_at") VALUES ($1, $2, $3, $4) RETURNING "id"[0m  [["name", "Candy Kane"], ["img", "https://cdn2.thecatapi.com/images/b60.jpg"], ["created_at", "2020-05-09 14:49:33.625971"], ["updated_at", "2020-05-09 14:49:33.625971"]]
  [1m[35m (0.2ms)[0m  [1m[35mCOMMIT[0m
  [1m[35m (0.1ms)[0m  [1m[35mBEGIN[0m
  [1m[36mCat Create (0.3ms)[0m  [1m[32mINSERT INTO "cats" ("name", "img", "created_at", "updated_at") VALUES ($1, $2, $3, $4) RETURNING "id"[0m  [["name", "Oren Jellow"], ["img", "https://cdn2.thecatapi.com/images/e1o.jpg"], ["created_at", "2020-05-09 14:49:33.628962"], ["updated_at", "2020-05-09 14:49:33.628962"]]
  [1m[35m (0.3ms)[0m  [1m[35mCOMMIT[0m
  [1m[35m (0.1ms)[0m  [1m[35mBEGIN[0m
  [1m[36mCat Create (0.2ms)[0m  [1m[32mINSERT INTO "cats" ("name", "img", "created_at", "updated_at") VALUES ($1, $2, $3, $4) RETURNING "id"[0m  [["name", "Sal Minella"], ["img", "https://cdn2.thecatapi.com/images/afh.jpg"], ["created_at", "2020-05-09 14:49:33.631832"], ["updated_at", "2020-05-09 14:49:33.631832"]]
  [1m[35m (0.2ms)[0m  [1m[35mCOMMIT[0m
  [1m[35m (0.1ms)[0m  [1m[35mBEGIN[0m
  [1m[36mCat Create (0.2ms)[0m  [1m[32mINSERT INTO "cats" ("name", "img", "created_at", "updated_at") VALUES ($1, $2, $3, $4) RETURNING "id"[0m  [["name", "Colleen Cardd"], ["img", "https://cdn2.thecatapi.com/images/1dm.png"], ["created_at", "2020-05-09 14:49:33.634323"], ["updated_at", "2020-05-09 14:49:33.634323"]]
  [1m[35m (0.3ms)[0m  [1m[35mCOMMIT[0m
  [1m[35m (0.1ms)[0m  [1m[35mBEGIN[0m
  [1m[36mCat Create (0.3ms)[0m  [1m[32mINSERT INTO "cats" ("name", "img", "created_at", "updated_at") VALUES ($1, $2, $3, $4) RETURNING "id"[0m  [["name", "Xavier Money"], ["img", "https://cdn2.thecatapi.com/images/1no.jpg"], ["created_at", "2020-05-09 14:49:33.637202"], ["updated_at", "2020-05-09 14:49:33.637202"]]
  [1m[35m (0.3ms)[0m  [1m[35mCOMMIT[0m
  [1m[35m (0.1ms)[0m  [1m[35mBEGIN[0m
  [1m[36mCat Create (0.2ms)[0m  [1m[32mINSERT INTO "cats" ("name", "img", "created_at", "updated_at") VALUES ($1, $2, $3, $4) RETURNING "id"[0m  [["name", "Xavier Breath"], ["img", "https://cdn2.thecatapi.com/images/8m8.jpg"], ["created_at", "2020-05-09 14:49:33.640214"], ["updated_at", "2020-05-09 14:49:33.640214"]]
  [1m[35m (0.3ms)[0m  [1m[35mCOMMIT[0m
  [1m[35m (0.1ms)[0m  [1m[35mBEGIN[0m
  [1m[36mCat Create (0.2ms)[0m  [1m[32mINSERT INTO "cats" ("name", "img", "created_at", "updated_at") VALUES ($1, $2, $3, $4) RETURNING "id"[0m  [["name", "Lily Pond"], ["img", "https://cdn2.thecatapi.com/images/ac3.jpg"], ["created_at", "2020-05-09 14:49:33.642793"], ["updated_at", "2020-05-09 14:49:33.642793"]]
  [1m[35m (0.3ms)[0m  [1m[35mCOMMIT[0m
  [1m[35m (0.1ms)[0m  [1m[35mBEGIN[0m
  [1m[36mCat Create (0.3ms)[0m  [1m[32mINSERT INTO "cats" ("name", "img", "created_at", "updated_at") VALUES ($1, $2, $3, $4) RETURNING "id"[0m  [["name", "Beau Tye"], ["img", "https://cdn2.thecatapi.com/images/2b0.jpg"], ["created_at", "2020-05-09 14:49:33.645510"], ["updated_at", "2020-05-09 14:49:33.645510"]]
  [1m[35m (0.3ms)[0m  [1m[35mCOMMIT[0m
  [1m[35m (0.1ms)[0m  [1m[35mBEGIN[0m
  [1m[36mCat Create (0.2ms)[0m  [1m[32mINSERT INTO "cats" ("name", "img", "created_at", "updated_at") VALUES ($1, $2, $3, $4) RETURNING "id"[0m  [["name", "Paige Turner"], ["img", "https://cdn2.thecatapi.com/images/dm1.jpg"], ["created_at", "2020-05-09 14:49:33.648371"], ["updated_at", "2020-05-09 14:49:33.648371"]]
  [1m[35m (0.3ms)[0m  [1m[35mCOMMIT[0m
  [1m[35m (0.1ms)[0m  [1m[35mBEGIN[0m
  [1m[36mCat Create (0.2ms)[0m  [1m[32mINSERT INTO "cats" ("name", "img", "created_at", "updated_at") VALUES ($1, $2, $3, $4) RETURNING "id"[0m  [["name", "Rosie Peach"], ["img", "https://cdn2.thecatapi.com/images/cic.jpg"], ["created_at", "2020-05-09 14:49:33.651002"], ["updated_at", "2020-05-09 14:49:33.651002"]]
  [1m[35m (0.3ms)[0m  [1m[35mCOMMIT[0m
  [1m[35m (0.1ms)[0m  [1m[35mBEGIN[0m
  [1m[36mCat Create (0.3ms)[0m  [1m[32mINSERT INTO "cats" ("name", "img", "created_at", "updated_at") VALUES ($1, $2, $3, $4) RETURNING "id"[0m  [["name", "Maurice Minor"], ["img", "https://cdn2.thecatapi.com/images/MTkyNDg3Mg.jpg"], ["created_at", "2020-05-09 14:49:33.653754"], ["updated_at", "2020-05-09 14:49:33.653754"]]
  [1m[35m (0.2ms)[0m  [1m[35mCOMMIT[0m
  [1m[35m (0.1ms)[0m  [1m[35mBEGIN[0m
  [1m[36mCat Create (0.3ms)[0m  [1m[32mINSERT INTO "cats" ("name", "img", "created_at", "updated_at") VALUES ($1, $2, $3, $4) RETURNING "id"[0m  [["name", "Juana Bea"], ["img", "https://cdn2.thecatapi.com/images/MTUwNzgxNQ.jpg"], ["created_at", "2020-05-09 14:49:33.656667"], ["updated_at", "2020-05-09 14:49:33.656667"]]
  [1m[35m (0.3ms)[0m  [1m[35mCOMMIT[0m
  [1m[35m (0.1ms)[0m  [1m[35mBEGIN[0m
  [1m[36mCat Create (0.4ms)[0m  [1m[32mINSERT INTO "cats" ("name", "img", "created_at", "updated_at") VALUES ($1, $2, $3, $4) RETURNING "id"[0m  [["name", "Sal Sage"], ["img", "https://cdn2.thecatapi.com/images/brg.jpg"], ["created_at", "2020-05-09 14:49:33.659841"], ["updated_at", "2020-05-09 14:49:33.659841"]]
  [1m[35m (0.3ms)[0m  [1m[35mCOMMIT[0m
  [1m[35m (0.2ms)[0m  [1m[35mBEGIN[0m
  [1m[36mCat Create (0.4ms)[0m  [1m[32mINSERT INTO "cats" ("name", "img", "created_at", "updated_at") VALUES ($1, $2, $3, $4) RETURNING "id"[0m  [["name", "Doug Updegrave"], ["img", "https://cdn2.thecatapi.com/images/2og.jpg"], ["created_at", "2020-05-09 14:49:33.663307"], ["updated_at", "2020-05-09 14:49:33.663307"]]
  [1m[35m (0.3ms)[0m  [1m[35mCOMMIT[0m
  [1m[35m (0.1ms)[0m  [1m[35mBEGIN[0m
  [1m[36mCat Create (0.3ms)[0m  [1m[32mINSERT INTO "cats" ("name", "img", "created_at", "updated_at") VALUES ($1, $2, $3, $4) RETURNING "id"[0m  [["name", "Bess Twishes"], ["img", "https://cdn2.thecatapi.com/images/HW1MGAuGL.jpg"], ["created_at", "2020-05-09 14:49:33.667394"], ["updated_at", "2020-05-09 14:49:33.667394"]]
  [1m[35m (0.2ms)[0m  [1m[35mCOMMIT[0m
  [1m[35m (0.1ms)[0m  [1m[35mBEGIN[0m
  [1m[36mCat Create (0.2ms)[0m  [1m[32mINSERT INTO "cats" ("name", "img", "created_at", "updated_at") VALUES ($1, $2, $3, $4) RETURNING "id"[0m  [["name", "Armand Hammer"], ["img", "https://cdn2.thecatapi.com/images/44f.jpg"], ["created_at", "2020-05-09 14:49:33.670522"], ["updated_at", "2020-05-09 14:49:33.670522"]]
  [1m[35m (0.3ms)[0m  [1m[35mCOMMIT[0m
  [1m[35m (0.1ms)[0m  [1m[35mBEGIN[0m
  [1m[36mCat Create (0.2ms)[0m  [1m[32mINSERT INTO "cats" ("name", "img", "created_at", "updated_at") VALUES ($1, $2, $3, $4) RETURNING "id"[0m  [["name", "Marlon Fisher"], ["img", "https://cdn2.thecatapi.com/images/c21.jpg"], ["created_at", "2020-05-09 14:49:33.673134"], ["updated_at", "2020-05-09 14:49:33.673134"]]
  [1m[35m (0.3ms)[0m  [1m[35mCOMMIT[0m
  [1m[35m (0.1ms)[0m  [1m[35mBEGIN[0m
  [1m[36mCat Create (0.2ms)[0m  [1m[32mINSERT INTO "cats" ("name", "img", "created_at", "updated_at") VALUES ($1, $2, $3, $4) RETURNING "id"[0m  [["name", "Didi Reelydoit"], ["img", "https://cdn2.thecatapi.com/images/i5Bw5V_HM.jpg"], ["created_at", "2020-05-09 14:49:33.675576"], ["updated_at", "2020-05-09 14:49:33.675576"]]
  [1m[35m (0.2ms)[0m  [1m[35mCOMMIT[0m
  [1m[35m (0.1ms)[0m  [1m[35mBEGIN[0m
  [1m[36mCat Create (0.2ms)[0m  [1m[32mINSERT INTO "cats" ("name", "img", "created_at", "updated_at") VALUES ($1, $2, $3, $4) RETURNING "id"[0m  [["name", "Willie Maykit"], ["img", "https://cdn2.thecatapi.com/images/a4m.jpg"], ["created_at", "2020-05-09 14:49:33.678239"], ["updated_at", "2020-05-09 14:49:33.678239"]]
  [1m[35m (0.2ms)[0m  [1m[35mCOMMIT[0m
  [1m[35m (0.1ms)[0m  [1m[35mBEGIN[0m
  [1m[36mCat Create (0.2ms)[0m  [1m[32mINSERT INTO "cats" ("name", "img", "created_at", "updated_at") VALUES ($1, $2, $3, $4) RETURNING "id"[0m  [["name", "Jim Laucher"], ["img", "https://cdn2.thecatapi.com/images/aub.jpg"], ["created_at", "2020-05-09 14:49:33.680862"], ["updated_at", "2020-05-09 14:49:33.680862"]]
  [1m[35m (0.2ms)[0m  [1m[35mCOMMIT[0m
  [1m[35m (0.1ms)[0m  [1m[35mBEGIN[0m
  [1m[36mCat Create (0.2ms)[0m  [1m[32mINSERT INTO "cats" ("name", "img", "created_at", "updated_at") VALUES ($1, $2, $3, $4) RETURNING "id"[0m  [["name", "Anne Teak"], ["img", "https://cdn2.thecatapi.com/images/KJF8fB_20.jpg"], ["created_at", "2020-05-09 14:49:33.683451"], ["updated_at", "2020-05-09 14:49:33.683451"]]
  [1m[35m (0.2ms)[0m  [1m[35mCOMMIT[0m
  [1m[35m (0.1ms)[0m  [1m[35mBEGIN[0m
  [1m[36mCat Create (0.2ms)[0m  [1m[32mINSERT INTO "cats" ("name", "img", "created_at", "updated_at") VALUES ($1, $2, $3, $4) RETURNING "id"[0m  [["name", "Beau Tye"], ["img", "https://cdn2.thecatapi.com/images/1lf.jpg"], ["created_at", "2020-05-09 14:49:33.686078"], ["updated_at", "2020-05-09 14:49:33.686078"]]
  [1m[35m (0.3ms)[0m  [1m[35mCOMMIT[0m
  [1m[35m (0.1ms)[0m  [1m[35mBEGIN[0m
  [1m[36mCat Create (0.2ms)[0m  [1m[32mINSERT INTO "cats" ("name", "img", "created_at", "updated_at") VALUES ($1, $2, $3, $4) RETURNING "id"[0m  [["name", "Marlon Fisher"], ["img", "https://cdn2.thecatapi.com/images/pChQkK4hf.jpg"], ["created_at", "2020-05-09 14:49:33.688799"], ["updated_at", "2020-05-09 14:49:33.688799"]]
  [1m[35m (0.2ms)[0m  [1m[35mCOMMIT[0m
  [1m[35m (0.1ms)[0m  [1m[35mBEGIN[0m
  [1m[36mCat Create (0.2ms)[0m  [1m[32mINSERT INTO "cats" ("name", "img", "created_at", "updated_at") VALUES ($1, $2, $3, $4) RETURNING "id"[0m  [["name", "Brandon Cattell"], ["img", "https://cdn2.thecatapi.com/images/a0a.jpg"], ["created_at", "2020-05-09 14:49:33.691439"], ["updated_at", "2020-05-09 14:49:33.691439"]]
  [1m[35m (0.2ms)[0m  [1m[35mCOMMIT[0m
  [1m[35m (0.1ms)[0m  [1m[35mBEGIN[0m
  [1m[36mCat Create (0.3ms)[0m  [1m[32mINSERT INTO "cats" ("name", "img", "created_at", "updated_at") VALUES ($1, $2, $3, $4) RETURNING "id"[0m  [["name", "Doug Updegrave"], ["img", "https://cdn2.thecatapi.com/images/die.jpg"], ["created_at", "2020-05-09 14:49:33.694119"], ["updated_at", "2020-05-09 14:49:33.694119"]]
  [1m[35m (0.4ms)[0m  [1m[35mCOMMIT[0m
  [1m[35m (0.1ms)[0m  [1m[35mBEGIN[0m
  [1m[36mCat Create (0.3ms)[0m  [1m[32mINSERT INTO "cats" ("name", "img", "created_at", "updated_at") VALUES ($1, $2, $3, $4) RETURNING "id"[0m  [["name", "Marcus Absent"], ["img", "https://cdn2.thecatapi.com/images/btt.jpg"], ["created_at", "2020-05-09 14:49:33.697124"], ["updated_at", "2020-05-09 14:49:33.697124"]]
  [1m[35m (0.2ms)[0m  [1m[35mCOMMIT[0m
  [1m[35m (0.1ms)[0m  [1m[35mBEGIN[0m
  [1m[36mCat Create (0.2ms)[0m  [1m[32mINSERT INTO "cats" ("name", "img", "created_at", "updated_at") VALUES ($1, $2, $3, $4) RETURNING "id"[0m  [["name", "Chris Ko"], ["img", "https://cdn2.thecatapi.com/images/cnn.jpg"], ["created_at", "2020-05-09 14:49:33.699884"], ["updated_at", "2020-05-09 14:49:33.699884"]]
  [1m[35m (0.3ms)[0m  [1m[35mCOMMIT[0m
  [1m[35m (0.1ms)[0m  [1m[35mBEGIN[0m
  [1m[36mCat Create (0.3ms)[0m  [1m[32mINSERT INTO "cats" ("name", "img", "created_at", "updated_at") VALUES ($1, $2, $3, $4) RETURNING "id"[0m  [["name", "Lois Price"], ["img", "https://cdn2.thecatapi.com/images/LXgmee2q_.jpg"], ["created_at", "2020-05-09 14:49:33.702476"], ["updated_at", "2020-05-09 14:49:33.702476"]]
  [1m[35m (0.2ms)[0m  [1m[35mCOMMIT[0m
  [1m[35m (0.1ms)[0m  [1m[35mBEGIN[0m
  [1m[36mCat Create (0.2ms)[0m  [1m[32mINSERT INTO "cats" ("name", "img", "created_at", "updated_at") VALUES ($1, $2, $3, $4) RETURNING "id"[0m  [["name", "Ty Tannick"], ["img", "https://cdn2.thecatapi.com/images/a4o.jpg"], ["created_at", "2020-05-09 14:49:33.705169"], ["updated_at", "2020-05-09 14:49:33.705169"]]
  [1m[35m (0.2ms)[0m  [1m[35mCOMMIT[0m
  [1m[35m (0.1ms)[0m  [1m[35mBEGIN[0m
  [1m[36mCat Create (0.2ms)[0m  [1m[32mINSERT INTO "cats" ("name", "img", "created_at", "updated_at") VALUES ($1, $2, $3, $4) RETURNING "id"[0m  [["name", "Chris Coe"], ["img", "https://cdn2.thecatapi.com/images/2lt.jpg"], ["created_at", "2020-05-09 14:49:33.707719"], ["updated_at", "2020-05-09 14:49:33.707719"]]
  [1m[35m (0.2ms)[0m  [1m[35mCOMMIT[0m
  [1m[35m (0.1ms)[0m  [1m[35mBEGIN[0m
  [1m[36mCat Create (0.3ms)[0m  [1m[32mINSERT INTO "cats" ("name", "img", "created_at", "updated_at") VALUES ($1, $2, $3, $4) RETURNING "id"[0m  [["name", "Taylor Maid"], ["img", "https://cdn2.thecatapi.com/images/d3i.jpg"], ["created_at", "2020-05-09 14:49:33.710146"], ["updated_at", "2020-05-09 14:49:33.710146"]]
  [1m[35m (0.2ms)[0m  [1m[35mCOMMIT[0m
  [1m[35m (0.1ms)[0m  [1m[35mBEGIN[0m
  [1m[36mCat Create (0.2ms)[0m  [1m[32mINSERT INTO "cats" ("name", "img", "created_at", "updated_at") VALUES ($1, $2, $3, $4) RETURNING "id"[0m  [["name", "April Schauer"], ["img", "https://cdn2.thecatapi.com/images/1it.jpg"], ["created_at", "2020-05-09 14:49:33.712806"], ["updated_at", "2020-05-09 14:49:33.712806"]]
  [1m[35m (0.2ms)[0m  [1m[35mCOMMIT[0m
  [1m[35m (0.1ms)[0m  [1m[35mBEGIN[0m
  [1m[36mCat Create (0.2ms)[0m  [1m[32mINSERT INTO "cats" ("name", "img", "created_at", "updated_at") VALUES ($1, $2, $3, $4) RETURNING "id"[0m  [["name", "Shanda Lear"], ["img", "https://cdn2.thecatapi.com/images/9cu.jpg"], ["created_at", "2020-05-09 14:49:33.715437"], ["updated_at", "2020-05-09 14:49:33.715437"]]
  [1m[35m (0.2ms)[0m  [1m[35mCOMMIT[0m
  [1m[35m (0.1ms)[0m  [1m[35mBEGIN[0m
  [1m[36mCat Create (0.2ms)[0m  [1m[32mINSERT INTO "cats" ("name", "img", "created_at", "updated_at") VALUES ($1, $2, $3, $4) RETURNING "id"[0m  [["name", "Rory Storm"], ["img", "https://cdn2.thecatapi.com/images/TYQKhQ3mn.jpg"], ["created_at", "2020-05-09 14:49:33.718020"], ["updated_at", "2020-05-09 14:49:33.718020"]]
  [1m[35m (0.3ms)[0m  [1m[35mCOMMIT[0m
  [1m[35m (0.1ms)[0m  [1m[35mBEGIN[0m
  [1m[36mCat Create (0.2ms)[0m  [1m[32mINSERT INTO "cats" ("name", "img", "created_at", "updated_at") VALUES ($1, $2, $3, $4) RETURNING "id"[0m  [["name", "Al Fresco"], ["img", "https://cdn2.thecatapi.com/images/a8r.jpg"], ["created_at", "2020-05-09 14:49:33.721244"], ["updated_at", "2020-05-09 14:49:33.721244"]]
  [1m[35m (0.2ms)[0m  [1m[35mCOMMIT[0m
  [1m[35m (0.1ms)[0m  [1m[35mBEGIN[0m
  [1m[36mCat Create (0.2ms)[0m  [1m[32mINSERT INTO "cats" ("name", "img", "created_at", "updated_at") VALUES ($1, $2, $3, $4) RETURNING "id"[0m  [["name", "Bea Sting"], ["img", "https://cdn2.thecatapi.com/images/24d.jpg"], ["created_at", "2020-05-09 14:49:33.724107"], ["updated_at", "2020-05-09 14:49:33.724107"]]
  [1m[35m (0.2ms)[0m  [1m[35mCOMMIT[0m
  [1m[36mCat Load (1.1ms)[0m  [1m[34mSELECT "cats".* FROM "cats" LIMIT $1[0m  [["LIMIT", 11]]
  [1m[35m (6.5ms)[0m  [1m[34mSELECT COUNT(*) FROM "cats"[0m
Started GET "/cat" for ::1 at 2020-05-09 07:50:17 -0700
  [1m[35m (0.8ms)[0m  [1m[34mSELECT "schema_migrations"."version" FROM "schema_migrations" ORDER BY "schema_migrations"."version" ASC[0m
  
ActionController::RoutingError (No route matches [GET] "/cat"):
  
actionpack (6.0.3) lib/action_dispatch/middleware/debug_exceptions.rb:36:in `call'
actionpack (6.0.3) lib/action_dispatch/middleware/show_exceptions.rb:33:in `call'
railties (6.0.3) lib/rails/rack/logger.rb:37:in `call_app'
railties (6.0.3) lib/rails/rack/logger.rb:26:in `block in call'
activesupport (6.0.3) lib/active_support/tagged_logging.rb:80:in `block in tagged'
activesupport (6.0.3) lib/active_support/tagged_logging.rb:28:in `tagged'
activesupport (6.0.3) lib/active_support/tagged_logging.rb:80:in `tagged'
railties (6.0.3) lib/rails/rack/logger.rb:26:in `call'
actionpack (6.0.3) lib/action_dispatch/middleware/remote_ip.rb:81:in `call'
actionpack (6.0.3) lib/action_dispatch/middleware/request_id.rb:27:in `call'
rack (2.2.2) lib/rack/runtime.rb:22:in `call'
activesupport (6.0.3) lib/active_support/cache/strategy/local_cache_middleware.rb:29:in `call'
actionpack (6.0.3) lib/action_dispatch/middleware/executor.rb:14:in `call'
actionpack (6.0.3) lib/action_dispatch/middleware/static.rb:126:in `call'
rack (2.2.2) lib/rack/sendfile.rb:110:in `call'
actionpack (6.0.3) lib/action_dispatch/middleware/host_authorization.rb:82:in `call'
railties (6.0.3) lib/rails/engine.rb:527:in `call'
puma (4.3.3) lib/puma/configuration.rb:228:in `call'
puma (4.3.3) lib/puma/server.rb:682:in `handle_request'
puma (4.3.3) lib/puma/server.rb:472:in `process_client'
puma (4.3.3) lib/puma/server.rb:328:in `block in run'
puma (4.3.3) lib/puma/thread_pool.rb:134:in `block in spawn_thread'
Started GET "/favicon.ico" for ::1 at 2020-05-09 07:50:17 -0700
  
ActionController::RoutingError (No route matches [GET] "/favicon.ico"):
  
actionpack (6.0.3) lib/action_dispatch/middleware/debug_exceptions.rb:36:in `call'
actionpack (6.0.3) lib/action_dispatch/middleware/show_exceptions.rb:33:in `call'
railties (6.0.3) lib/rails/rack/logger.rb:37:in `call_app'
railties (6.0.3) lib/rails/rack/logger.rb:26:in `block in call'
activesupport (6.0.3) lib/active_support/tagged_logging.rb:80:in `block in tagged'
activesupport (6.0.3) lib/active_support/tagged_logging.rb:28:in `tagged'
activesupport (6.0.3) lib/active_support/tagged_logging.rb:80:in `tagged'
railties (6.0.3) lib/rails/rack/logger.rb:26:in `call'
actionpack (6.0.3) lib/action_dispatch/middleware/remote_ip.rb:81:in `call'
actionpack (6.0.3) lib/action_dispatch/middleware/request_id.rb:27:in `call'
rack (2.2.2) lib/rack/runtime.rb:22:in `call'
activesupport (6.0.3) lib/active_support/cache/strategy/local_cache_middleware.rb:29:in `call'
actionpack (6.0.3) lib/action_dispatch/middleware/executor.rb:14:in `call'
actionpack (6.0.3) lib/action_dispatch/middleware/static.rb:126:in `call'
rack (2.2.2) lib/rack/sendfile.rb:110:in `call'
actionpack (6.0.3) lib/action_dispatch/middleware/host_authorization.rb:82:in `call'
railties (6.0.3) lib/rails/engine.rb:527:in `call'
puma (4.3.3) lib/puma/configuration.rb:228:in `call'
puma (4.3.3) lib/puma/server.rb:682:in `handle_request'
puma (4.3.3) lib/puma/server.rb:472:in `process_client'
puma (4.3.3) lib/puma/server.rb:328:in `block in run'
puma (4.3.3) lib/puma/thread_pool.rb:134:in `block in spawn_thread'
Started GET "/cats" for ::1 at 2020-05-09 07:50:22 -0700
Processing by CatsController#index as HTML
  [1m[36mCat Load (0.6ms)[0m  [1m[34mSELECT "cats".* FROM "cats"[0m
  ↳ app/controllers/cats_controller.rb:8:in `index'
Completed 200 OK in 18ms (Views: 9.6ms | ActiveRecord: 6.7ms | Allocations: 10549)


